cl : ligne de commande warning D9035: l'option 'Gm' est déconseillée et sera supprimée dans une version ultérieure
  Viewer.cpp
D:\Keimyung\Computer Graphics\Code\Ressources\CG2_frameWork (1)\CG2_frameWork\FrameWork\Viewer.cpp(203,64): warning C4244: '=' : conversion de 'double' en 'float', perte possible de données
  timing.cpp
  stdafx.cpp
  MyGlWindow.cpp
D:\Keimyung\Computer Graphics\Code\Ressources\CG2_frameWork (1)\CG2_frameWork\FrameWork\MyGlWindow.cpp(22,25): warning C4244: 'argument' : conversion de 'int' en 'GLfloat', perte possible de données
D:\Keimyung\Computer Graphics\Code\Ressources\CG2_frameWork (1)\CG2_frameWork\FrameWork\MyGlWindow.cpp(22,20): warning C4244: 'argument' : conversion de 'int' en 'GLfloat', perte possible de données
D:\Keimyung\Computer Graphics\Code\Ressources\CG2_frameWork (1)\CG2_frameWork\FrameWork\MyGlWindow.cpp(22,15): warning C4244: 'argument' : conversion de 'int' en 'GLfloat', perte possible de données
D:\Keimyung\Computer Graphics\Code\Ressources\CG2_frameWork (1)\CG2_frameWork\FrameWork\MyGlWindow.cpp(23,24): warning C4305: 'argument' : troncation de 'double' à 'GLfloat'
D:\Keimyung\Computer Graphics\Code\Ressources\CG2_frameWork (1)\CG2_frameWork\FrameWork\MyGlWindow.cpp(92,46): warning C4305: 'initialisation' : troncation de 'double' à 'GLfloat'
D:\Keimyung\Computer Graphics\Code\Ressources\CG2_frameWork (1)\CG2_frameWork\FrameWork\MyGlWindow.cpp(147,29): warning C4305: 'argument' : troncation de 'double' à 'GLclampf'
D:\Keimyung\Computer Graphics\Code\Ressources\CG2_frameWork (1)\CG2_frameWork\FrameWork\MyGlWindow.cpp(176,21): warning C4305: 'argument' : troncation de 'double' à 'GLfloat'
D:\Keimyung\Computer Graphics\Code\Ressources\CG2_frameWork (1)\CG2_frameWork\FrameWork\MyGlWindow.cpp(181,21): warning C4305: 'argument' : troncation de 'double' à 'GLfloat'
D:\Keimyung\Computer Graphics\Code\Ressources\CG2_frameWork (1)\CG2_frameWork\FrameWork\MyGlWindow.cpp(182,23): warning C4305: 'argument' : troncation de 'double' à 'GLfloat'
D:\Keimyung\Computer Graphics\Code\Ressources\CG2_frameWork (1)\CG2_frameWork\FrameWork\MyGlWindow.cpp(186,21): warning C4305: 'argument' : troncation de 'double' à 'GLfloat'
D:\Keimyung\Computer Graphics\Code\Ressources\CG2_frameWork (1)\CG2_frameWork\FrameWork\MyGlWindow.cpp(187,23): warning C4305: 'argument' : troncation de 'double' à 'GLfloat'
D:\Keimyung\Computer Graphics\Code\Ressources\CG2_frameWork (1)\CG2_frameWork\FrameWork\MyGlWindow.cpp(197,26): warning C4305: 'argument' : troncation de 'double' à 'GLfloat'
D:\Keimyung\Computer Graphics\Code\Ressources\CG2_frameWork (1)\CG2_frameWork\FrameWork\MyGlWindow.cpp(226,17): warning C4244: 'initialisation' : conversion de 'double' en 'float', perte possible de données
D:\Keimyung\Computer Graphics\Code\Ressources\CG2_frameWork (1)\CG2_frameWork\FrameWork\MyGlWindow.cpp(340,41): warning C4244: 'argument' : conversion de 'double' en 'float', perte possible de données
D:\Keimyung\Computer Graphics\Code\Ressources\CG2_frameWork (1)\CG2_frameWork\FrameWork\MyGlWindow.cpp(340,24): warning C4244: 'argument' : conversion de 'double' en 'float', perte possible de données
D:\Keimyung\Computer Graphics\Code\Ressources\CG2_frameWork (1)\CG2_frameWork\FrameWork\MyGlWindow.cpp(342,22): warning C4244: 'argument' : conversion de 'double' en 'float', perte possible de données
D:\Keimyung\Computer Graphics\Code\Ressources\CG2_frameWork (1)\CG2_frameWork\FrameWork\MyGlWindow.cpp(344,45): warning C4244: 'argument' : conversion de 'double' en 'float', perte possible de données
D:\Keimyung\Computer Graphics\Code\Ressources\CG2_frameWork (1)\CG2_frameWork\FrameWork\MyGlWindow.cpp(344,27): warning C4244: 'argument' : conversion de 'double' en 'float', perte possible de données
  MMatrix.cpp
  main.cpp
  DrawUtils.cpp
  3DUtils.cpp
  world.cpp
  random.cpp
  pworld.cpp
  plinks.cpp
  pfgen.cpp
  pcontacts.cpp
  particle.cpp
  joints.cpp
  fgen.cpp
  core.cpp
  contacts.cpp
  collide_fine.cpp
  Génération de code en cours...
  Compilation en cours...
  collide_coarse.cpp
  body.cpp
  Génération de code en cours...
body.obj : warning LNK4075: ' /EDITANDCONTINUE' ignoré à cause de la spécification '/SAFESEH'
  FrameWork.vcxproj -> D:\Keimyung\Computer Graphics\Code\Ressources\CG2_frameWork (1)\CG2_frameWork\FrameWork\Debug\FrameWork.exe
